  Creating makefile for SkeeTesting2 (game project files are newer)
  Performing 1 actions (4 in parallel)
  [1/1] Link SkeeTesting2.exe
     Creating library C:\Users\Skeeball\Desktop\Proj Files\Skee Proj Files\Binaries\Win64\SkeeTesting2.lib and object C:\Users\Skeeball\Desktop\Proj Files\Skee Proj Files\Binaries\Win64\SkeeTesting2.exp
UE4-UE4Duino.lib(Module.UE4Duino.gen.cpp.obj) : error LNK2019: unresolved external symbol "public: static void __cdecl FDebug::LogAssertFailedMessage(char const *,char const *,int,wchar_t const *,...)" (?LogAssertFailedMessage@FDebug@@SAXPEBD0HPEB_WZZ) referenced in function "protected: void __cdecl TProperty_Numeric<unsigned char>::ConvertFromInt<signed char>(class FArchive &,void *,struct FPropertyTag const &)" (??$ConvertFromInt@C@?$TProperty_Numeric@E@@IEAAXAEAVFArchive@@PEAXAEBUFPropertyTag@@@Z)
UE4-UE4Duino.lib(Module.UE4Duino.cpp.obj) : error LNK2001: unresolved external symbol "public: static void __cdecl FDebug::LogAssertFailedMessage(char const *,char const *,int,wchar_t const *,...)" (?LogAssertFailedMessage@FDebug@@SAXPEBD0HPEB_WZZ)
UE4-UE4Duino.lib(Module.UE4Duino.gen.cpp.obj) : error LNK2019: unresolved external symbol "public: static void __cdecl FNativeFunctionRegistrar::RegisterFunctions(class UClass *,struct TNameNativePtrPair<char> const *,int)" (?RegisterFunctions@FNativeFunctionRegistrar@@SAXPEAVUClass@@PEBU?$TNameNativePtrPair@D@@H@Z) referenced in function "private: static void __cdecl USerial::StaticRegisterNativesUSerial(void)" (?StaticRegisterNativesUSerial@USerial@@CAXXZ)
UE4-UE4Duino.lib(Module.UE4Duino.gen.cpp.obj) : error LNK2019: unresolved external symbol "public: __cdecl UFunction::UFunction(class FObjectInitializer const &,class UFunction *,enum EFunctionFlags,unsigned short,unsigned __int64)" (??0UFunction@@QEAA@AEBVFObjectInitializer@@PEAV0@W4EFunctionFlags@@G_K@Z) referenced in function "class UFunction * __cdecl Z_Construct_UFunction_USerial_BytesToFloat(void)" (?Z_Construct_UFunction_USerial_BytesToFloat@@YAPEAVUFunction@@XZ)
UE4-UE4Duino.lib(Module.UE4Duino.gen.cpp.obj) : error LNK2019: unresolved external symbol "public: static unsigned char __cdecl UNumericProperty::ReadEnumAsUint8(class FArchive &,class UStruct *,struct FPropertyTag const &)" (?ReadEnumAsUint8@UNumericProperty@@SAEAEAVFArchive@@PEAVUStruct@@AEBUFPropertyTag@@@Z) referenced in function "public: virtual bool __cdecl TProperty_Numeric<unsigned char>::ConvertFromType(struct FPropertyTag const &,class FArchive &,unsigned char *,class UStruct *,bool &)" (?ConvertFromType@?$TProperty_Numeric@E@@UEAA_NAEBUFPropertyTag@@AEAVFArchive@@PEAEPEAVUStruct@@AEA_N@Z)
C:\Users\Skeeball\Desktop\Proj Files\Skee Proj Files\Binaries\Win64\SkeeTesting2.exe : fatal error LNK1120: 4 unresolved externals
ERROR : UBT error : Failed to produce item: C:\Users\Skeeball\Desktop\Proj Files\Skee Proj Files\Binaries\Win64\SkeeTesting2.exe
  Total build time: 7.29 seconds (Local executor: 0.00 seconds)
C:\Program Files (x86)\Microsoft Visual Studio\2017\Community\Common7\IDE\VC\VCTargets\Microsoft.MakeFile.Targets(44,5): error MSB3075: The command ""C:\Program Files\Epic Games\UE_4.18\Engine\Build\BatchFiles\Build.bat" SkeeTesting2 Win64 Development "C:\Users\Skeeball\Desktop\Proj Files\Skee Proj Files\SkeeTesting2.uproject" -waitmutex" exited with code 5. Please verify that you have sufficient rights to run this command.
